<?xml version="1.0" encoding="UTF-8"?>
<testsuite name="com.easychat.practice.CalculatorTest" tests="4" skipped="0" failures="0" errors="0" timestamp="2015-10-04T08:53:26" hostname="Yonah-Lap" time="0.018">
  <properties/>
  <testcase name="testAdd" classname="com.easychat.practice.CalculatorTest" time="0.006"/>
  <testcase name="testSubstract" classname="com.easychat.practice.CalculatorTest" time="0.002"/>
  <testcase name="testDivide" classname="com.easychat.practice.CalculatorTest" time="0.003"/>
  <testcase name="testMultiply" classname="com.easychat.practice.CalculatorTest" time="0.001"/>
  <system-out><![CDATA[add
add
add
add
]]></system-out>
  <system-err><![CDATA[]]></system-err>
</testsuite>
